TN:
SF:src\components\TaskList\index.tsx
FN:12,(anonymous_0)
FN:15,(anonymous_1)
FN:19,(anonymous_2)
FN:23,(anonymous_3)
FN:31,(anonymous_4)
FN:32,(anonymous_5)
FN:35,(anonymous_6)
FNF:7
FNH:3
FNDA:7,(anonymous_0)
FNDA:0,(anonymous_1)
FNDA:0,(anonymous_2)
FNDA:0,(anonymous_3)
FNDA:2,(anonymous_4)
FNDA:2,(anonymous_5)
FNDA:0,(anonymous_6)
DA:12,3
DA:13,7
DA:15,7
DA:16,0
DA:23,0
DA:28,7
DA:31,2
DA:33,2
DA:35,0
DA:46,3
LF:10
LH:7
BRF:0
BRH:0
end_of_record
TN:
SF:src\context\TasksContext.tsx
FN:24,(anonymous_0)
FN:26,(anonymous_1)
FN:27,loadTasks
FN:36,(anonymous_3)
FN:46,(anonymous_4)
FN:47,(anonymous_5)
FN:59,useTaskList
FNF:7
FNH:7
FNDA:12,(anonymous_0)
FNDA:6,(anonymous_1)
FNDA:6,loadTasks
FNDA:3,(anonymous_3)
FNDA:1,(anonymous_4)
FNDA:1,(anonymous_5)
FNDA:20,useTaskList
DA:9,3
DA:20,3
DA:24,3
DA:25,12
DA:26,12
DA:28,6
DA:29,6
DA:30,2
DA:33,6
DA:36,12
DA:37,3
DA:38,3
DA:39,3
DA:40,3
DA:42,0
DA:46,12
DA:47,1
DA:48,1
DA:49,1
DA:52,12
DA:60,20
DA:61,20
DA:62,0
DA:64,20
LF:24
LH:22
BRDA:29,0,0,2
BRDA:29,0,1,4
BRDA:61,1,0,0
BRDA:61,1,1,20
BRF:4
BRH:3
end_of_record
TN:
SF:src\pages\Home\Index.tsx
FN:14,(anonymous_0)
FN:18,(anonymous_1)
FNF:2
FNH:2
FNDA:6,(anonymous_0)
FNDA:1,(anonymous_1)
DA:14,2
DA:15,6
DA:16,6
DA:18,6
DA:19,1
DA:23,1
DA:26,6
DA:52,2
LF:8
LH:8
BRDA:21,0,0,1
BRDA:21,0,1,0
BRDA:77,1,0,2
BRDA:77,1,1,0
BRF:4
BRH:2
end_of_record
